Determining if the pthread_create exist failed with the following output:
Change Dir: /home/ps/CISTER/carving/CISTER_car_simulator/build/CMakeFiles/CMakeTmp

Run Build Command:"/usr/bin/make" "cmTC_3b76b/fast"
/usr/bin/make -f CMakeFiles/cmTC_3b76b.dir/build.make CMakeFiles/cmTC_3b76b.dir/build
make[1]: Entering directory '/home/ps/CISTER/carving/CISTER_car_simulator/build/CMakeFiles/CMakeTmp'
Building C object CMakeFiles/cmTC_3b76b.dir/CheckSymbolExists.c.o
/usr/bin/cc     -o CMakeFiles/cmTC_3b76b.dir/CheckSymbolExists.c.o   -c /home/ps/CISTER/carving/CISTER_car_simulator/build/CMakeFiles/CMakeTmp/CheckSymbolExists.c
Linking C executable cmTC_3b76b
/usr/bin/cmake -E cmake_link_script CMakeFiles/cmTC_3b76b.dir/link.txt --verbose=1
/usr/bin/cc       CMakeFiles/cmTC_3b76b.dir/CheckSymbolExists.c.o  -o cmTC_3b76b -rdynamic 
CMakeFiles/cmTC_3b76b.dir/CheckSymbolExists.c.o: In function `main':
CheckSymbolExists.c:(.text+0x16): undefined reference to `pthread_create'
collect2: error: ld returned 1 exit status
CMakeFiles/cmTC_3b76b.dir/build.make:97: recipe for target 'cmTC_3b76b' failed
make[1]: *** [cmTC_3b76b] Error 1
make[1]: Leaving directory '/home/ps/CISTER/carving/CISTER_car_simulator/build/CMakeFiles/CMakeTmp'
Makefile:126: recipe for target 'cmTC_3b76b/fast' failed
make: *** [cmTC_3b76b/fast] Error 2

File /home/ps/CISTER/carving/CISTER_car_simulator/build/CMakeFiles/CMakeTmp/CheckSymbolExists.c:
/* */
#include <pthread.h>

int main(int argc, char** argv)
{
  (void)argv;
#ifndef pthread_create
  return ((int*)(&pthread_create))[argc];
#else
  (void)argc;
  return 0;
#endif
}

Determining if the function pthread_create exists in the pthreads failed with the following output:
Change Dir: /home/ps/CISTER/carving/CISTER_car_simulator/build/CMakeFiles/CMakeTmp

Run Build Command:"/usr/bin/make" "cmTC_c8a01/fast"
/usr/bin/make -f CMakeFiles/cmTC_c8a01.dir/build.make CMakeFiles/cmTC_c8a01.dir/build
make[1]: Entering directory '/home/ps/CISTER/carving/CISTER_car_simulator/build/CMakeFiles/CMakeTmp'
Building C object CMakeFiles/cmTC_c8a01.dir/CheckFunctionExists.c.o
/usr/bin/cc    -DCHECK_FUNCTION_EXISTS=pthread_create   -o CMakeFiles/cmTC_c8a01.dir/CheckFunctionExists.c.o   -c /usr/share/cmake-3.5/Modules/CheckFunctionExists.c
Linking C executable cmTC_c8a01
/usr/bin/cmake -E cmake_link_script CMakeFiles/cmTC_c8a01.dir/link.txt --verbose=1
/usr/bin/cc   -DCHECK_FUNCTION_EXISTS=pthread_create    CMakeFiles/cmTC_c8a01.dir/CheckFunctionExists.c.o  -o cmTC_c8a01 -rdynamic -lpthreads 
/usr/bin/ld: cannot find -lpthreads
collect2: error: ld returned 1 exit status
CMakeFiles/cmTC_c8a01.dir/build.make:97: recipe for target 'cmTC_c8a01' failed
make[1]: *** [cmTC_c8a01] Error 1
make[1]: Leaving directory '/home/ps/CISTER/carving/CISTER_car_simulator/build/CMakeFiles/CMakeTmp'
Makefile:126: recipe for target 'cmTC_c8a01/fast' failed
make: *** [cmTC_c8a01/fast] Error 2


Determining if the pthread_create exist failed with the following output:
Change Dir: /home/insys/Desktop/ROSintegrationPlatooning/carving/CISTER_car_simulator/build/CMakeFiles/CMakeTmp

Run Build Command:"/usr/bin/make" "cmTC_73015/fast"
/usr/bin/make -f CMakeFiles/cmTC_73015.dir/build.make CMakeFiles/cmTC_73015.dir/build
make[1]: Entering directory '/home/insys/Desktop/ROSintegrationPlatooning/carving/CISTER_car_simulator/build/CMakeFiles/CMakeTmp'
Building C object CMakeFiles/cmTC_73015.dir/CheckSymbolExists.c.o
/usr/bin/cc     -o CMakeFiles/cmTC_73015.dir/CheckSymbolExists.c.o   -c /home/insys/Desktop/ROSintegrationPlatooning/carving/CISTER_car_simulator/build/CMakeFiles/CMakeTmp/CheckSymbolExists.c
Linking C executable cmTC_73015
/usr/bin/cmake -E cmake_link_script CMakeFiles/cmTC_73015.dir/link.txt --verbose=1
/usr/bin/cc       CMakeFiles/cmTC_73015.dir/CheckSymbolExists.c.o  -o cmTC_73015 -rdynamic 
CMakeFiles/cmTC_73015.dir/CheckSymbolExists.c.o: In function `main':
CheckSymbolExists.c:(.text+0x16): undefined reference to `pthread_create'
collect2: error: ld returned 1 exit status
CMakeFiles/cmTC_73015.dir/build.make:97: recipe for target 'cmTC_73015' failed
make[1]: *** [cmTC_73015] Error 1
make[1]: Leaving directory '/home/insys/Desktop/ROSintegrationPlatooning/carving/CISTER_car_simulator/build/CMakeFiles/CMakeTmp'
Makefile:126: recipe for target 'cmTC_73015/fast' failed
make: *** [cmTC_73015/fast] Error 2

File /home/insys/Desktop/ROSintegrationPlatooning/carving/CISTER_car_simulator/build/CMakeFiles/CMakeTmp/CheckSymbolExists.c:
/* */
#include <pthread.h>

int main(int argc, char** argv)
{
  (void)argv;
#ifndef pthread_create
  return ((int*)(&pthread_create))[argc];
#else
  (void)argc;
  return 0;
#endif
}

Determining if the function pthread_create exists in the pthreads failed with the following output:
Change Dir: /home/insys/Desktop/ROSintegrationPlatooning/carving/CISTER_car_simulator/build/CMakeFiles/CMakeTmp

Run Build Command:"/usr/bin/make" "cmTC_ce3fd/fast"
/usr/bin/make -f CMakeFiles/cmTC_ce3fd.dir/build.make CMakeFiles/cmTC_ce3fd.dir/build
make[1]: Entering directory '/home/insys/Desktop/ROSintegrationPlatooning/carving/CISTER_car_simulator/build/CMakeFiles/CMakeTmp'
Building C object CMakeFiles/cmTC_ce3fd.dir/CheckFunctionExists.c.o
/usr/bin/cc    -DCHECK_FUNCTION_EXISTS=pthread_create   -o CMakeFiles/cmTC_ce3fd.dir/CheckFunctionExists.c.o   -c /usr/share/cmake-3.5/Modules/CheckFunctionExists.c
Linking C executable cmTC_ce3fd
/usr/bin/cmake -E cmake_link_script CMakeFiles/cmTC_ce3fd.dir/link.txt --verbose=1
/usr/bin/cc   -DCHECK_FUNCTION_EXISTS=pthread_create    CMakeFiles/cmTC_ce3fd.dir/CheckFunctionExists.c.o  -o cmTC_ce3fd -rdynamic -lpthreads 
/usr/bin/ld: cannot find -lpthreads
collect2: error: ld returned 1 exit status
CMakeFiles/cmTC_ce3fd.dir/build.make:97: recipe for target 'cmTC_ce3fd' failed
make[1]: *** [cmTC_ce3fd] Error 1
make[1]: Leaving directory '/home/insys/Desktop/ROSintegrationPlatooning/carving/CISTER_car_simulator/build/CMakeFiles/CMakeTmp'
Makefile:126: recipe for target 'cmTC_ce3fd/fast' failed
make: *** [cmTC_ce3fd/fast] Error 2


Determining if the pthread_create exist failed with the following output:
Change Dir: /home/guedes/Desktop/ROSintegrationPlatooning/carving/CISTER_car_simulator/build/CMakeFiles/CMakeTmp

Run Build Command:"/usr/bin/make" "cmTC_1c153/fast"
/usr/bin/make -f CMakeFiles/cmTC_1c153.dir/build.make CMakeFiles/cmTC_1c153.dir/build
make[1]: Entering directory '/home/guedes/Desktop/ROSintegrationPlatooning/carving/CISTER_car_simulator/build/CMakeFiles/CMakeTmp'
Building C object CMakeFiles/cmTC_1c153.dir/CheckSymbolExists.c.o
/usr/bin/cc     -o CMakeFiles/cmTC_1c153.dir/CheckSymbolExists.c.o   -c /home/guedes/Desktop/ROSintegrationPlatooning/carving/CISTER_car_simulator/build/CMakeFiles/CMakeTmp/CheckSymbolExists.c
Linking C executable cmTC_1c153
/usr/bin/cmake -E cmake_link_script CMakeFiles/cmTC_1c153.dir/link.txt --verbose=1
/usr/bin/cc       CMakeFiles/cmTC_1c153.dir/CheckSymbolExists.c.o  -o cmTC_1c153 -rdynamic 
CMakeFiles/cmTC_1c153.dir/CheckSymbolExists.c.o: In function `main':
CheckSymbolExists.c:(.text+0x16): undefined reference to `pthread_create'
collect2: error: ld returned 1 exit status
CMakeFiles/cmTC_1c153.dir/build.make:97: recipe for target 'cmTC_1c153' failed
make[1]: *** [cmTC_1c153] Error 1
make[1]: Leaving directory '/home/guedes/Desktop/ROSintegrationPlatooning/carving/CISTER_car_simulator/build/CMakeFiles/CMakeTmp'
Makefile:126: recipe for target 'cmTC_1c153/fast' failed
make: *** [cmTC_1c153/fast] Error 2

File /home/guedes/Desktop/ROSintegrationPlatooning/carving/CISTER_car_simulator/build/CMakeFiles/CMakeTmp/CheckSymbolExists.c:
/* */
#include <pthread.h>

int main(int argc, char** argv)
{
  (void)argv;
#ifndef pthread_create
  return ((int*)(&pthread_create))[argc];
#else
  (void)argc;
  return 0;
#endif
}

Determining if the function pthread_create exists in the pthreads failed with the following output:
Change Dir: /home/guedes/Desktop/ROSintegrationPlatooning/carving/CISTER_car_simulator/build/CMakeFiles/CMakeTmp

Run Build Command:"/usr/bin/make" "cmTC_32980/fast"
/usr/bin/make -f CMakeFiles/cmTC_32980.dir/build.make CMakeFiles/cmTC_32980.dir/build
make[1]: Entering directory '/home/guedes/Desktop/ROSintegrationPlatooning/carving/CISTER_car_simulator/build/CMakeFiles/CMakeTmp'
Building C object CMakeFiles/cmTC_32980.dir/CheckFunctionExists.c.o
/usr/bin/cc    -DCHECK_FUNCTION_EXISTS=pthread_create   -o CMakeFiles/cmTC_32980.dir/CheckFunctionExists.c.o   -c /usr/share/cmake-3.5/Modules/CheckFunctionExists.c
Linking C executable cmTC_32980
/usr/bin/cmake -E cmake_link_script CMakeFiles/cmTC_32980.dir/link.txt --verbose=1
/usr/bin/cc   -DCHECK_FUNCTION_EXISTS=pthread_create    CMakeFiles/cmTC_32980.dir/CheckFunctionExists.c.o  -o cmTC_32980 -rdynamic -lpthreads 
/usr/bin/ld: cannot find -lpthreads
collect2: error: ld returned 1 exit status
CMakeFiles/cmTC_32980.dir/build.make:97: recipe for target 'cmTC_32980' failed
make[1]: *** [cmTC_32980] Error 1
make[1]: Leaving directory '/home/guedes/Desktop/ROSintegrationPlatooning/carving/CISTER_car_simulator/build/CMakeFiles/CMakeTmp'
Makefile:126: recipe for target 'cmTC_32980/fast' failed
make: *** [cmTC_32980/fast] Error 2


Determining if the pthread_create exist failed with the following output:
Change Dir: /home/guedes/Desktop/ROSintegrationPlatooning/carving/CISTER_car_simulator/build/CMakeFiles/CMakeTmp

Run Build Command:"/usr/bin/make" "cmTC_49b60/fast"
/usr/bin/make -f CMakeFiles/cmTC_49b60.dir/build.make CMakeFiles/cmTC_49b60.dir/build
make[1]: Entering directory '/home/guedes/Desktop/ROSintegrationPlatooning/carving/CISTER_car_simulator/build/CMakeFiles/CMakeTmp'
Building C object CMakeFiles/cmTC_49b60.dir/CheckSymbolExists.c.o
/usr/bin/cc     -o CMakeFiles/cmTC_49b60.dir/CheckSymbolExists.c.o   -c /home/guedes/Desktop/ROSintegrationPlatooning/carving/CISTER_car_simulator/build/CMakeFiles/CMakeTmp/CheckSymbolExists.c
Linking C executable cmTC_49b60
/usr/bin/cmake -E cmake_link_script CMakeFiles/cmTC_49b60.dir/link.txt --verbose=1
/usr/bin/cc       CMakeFiles/cmTC_49b60.dir/CheckSymbolExists.c.o  -o cmTC_49b60 -rdynamic 
CMakeFiles/cmTC_49b60.dir/CheckSymbolExists.c.o: In function `main':
CheckSymbolExists.c:(.text+0x16): undefined reference to `pthread_create'
collect2: error: ld returned 1 exit status
CMakeFiles/cmTC_49b60.dir/build.make:97: recipe for target 'cmTC_49b60' failed
make[1]: *** [cmTC_49b60] Error 1
make[1]: Leaving directory '/home/guedes/Desktop/ROSintegrationPlatooning/carving/CISTER_car_simulator/build/CMakeFiles/CMakeTmp'
Makefile:126: recipe for target 'cmTC_49b60/fast' failed
make: *** [cmTC_49b60/fast] Error 2

File /home/guedes/Desktop/ROSintegrationPlatooning/carving/CISTER_car_simulator/build/CMakeFiles/CMakeTmp/CheckSymbolExists.c:
/* */
#include <pthread.h>

int main(int argc, char** argv)
{
  (void)argv;
#ifndef pthread_create
  return ((int*)(&pthread_create))[argc];
#else
  (void)argc;
  return 0;
#endif
}

Determining if the function pthread_create exists in the pthreads failed with the following output:
Change Dir: /home/guedes/Desktop/ROSintegrationPlatooning/carving/CISTER_car_simulator/build/CMakeFiles/CMakeTmp

Run Build Command:"/usr/bin/make" "cmTC_f2a11/fast"
/usr/bin/make -f CMakeFiles/cmTC_f2a11.dir/build.make CMakeFiles/cmTC_f2a11.dir/build
make[1]: Entering directory '/home/guedes/Desktop/ROSintegrationPlatooning/carving/CISTER_car_simulator/build/CMakeFiles/CMakeTmp'
Building C object CMakeFiles/cmTC_f2a11.dir/CheckFunctionExists.c.o
/usr/bin/cc    -DCHECK_FUNCTION_EXISTS=pthread_create   -o CMakeFiles/cmTC_f2a11.dir/CheckFunctionExists.c.o   -c /usr/share/cmake-3.5/Modules/CheckFunctionExists.c
Linking C executable cmTC_f2a11
/usr/bin/cmake -E cmake_link_script CMakeFiles/cmTC_f2a11.dir/link.txt --verbose=1
/usr/bin/cc   -DCHECK_FUNCTION_EXISTS=pthread_create    CMakeFiles/cmTC_f2a11.dir/CheckFunctionExists.c.o  -o cmTC_f2a11 -rdynamic -lpthreads 
/usr/bin/ld: cannot find -lpthreads
collect2: error: ld returned 1 exit status
CMakeFiles/cmTC_f2a11.dir/build.make:97: recipe for target 'cmTC_f2a11' failed
make[1]: *** [cmTC_f2a11] Error 1
make[1]: Leaving directory '/home/guedes/Desktop/ROSintegrationPlatooning/carving/CISTER_car_simulator/build/CMakeFiles/CMakeTmp'
Makefile:126: recipe for target 'cmTC_f2a11/fast' failed
make: *** [cmTC_f2a11/fast] Error 2


Determining if the pthread_create exist failed with the following output:
Change Dir: /home/enio/Desktop/ROSintegrationPlatooning/carving/CISTER_car_simulator/build/CMakeFiles/CMakeTmp

Run Build Command:"/usr/bin/make" "cmTC_4210c/fast"
/usr/bin/make -f CMakeFiles/cmTC_4210c.dir/build.make CMakeFiles/cmTC_4210c.dir/build
make[1]: Entering directory '/home/enio/Desktop/ROSintegrationPlatooning/carving/CISTER_car_simulator/build/CMakeFiles/CMakeTmp'
Building C object CMakeFiles/cmTC_4210c.dir/CheckSymbolExists.c.o
/usr/bin/cc     -o CMakeFiles/cmTC_4210c.dir/CheckSymbolExists.c.o   -c /home/enio/Desktop/ROSintegrationPlatooning/carving/CISTER_car_simulator/build/CMakeFiles/CMakeTmp/CheckSymbolExists.c
Linking C executable cmTC_4210c
/usr/bin/cmake -E cmake_link_script CMakeFiles/cmTC_4210c.dir/link.txt --verbose=1
/usr/bin/cc       CMakeFiles/cmTC_4210c.dir/CheckSymbolExists.c.o  -o cmTC_4210c -rdynamic 
CMakeFiles/cmTC_4210c.dir/CheckSymbolExists.c.o: In function `main':
CheckSymbolExists.c:(.text+0x16): undefined reference to `pthread_create'
collect2: error: ld returned 1 exit status
CMakeFiles/cmTC_4210c.dir/build.make:97: recipe for target 'cmTC_4210c' failed
make[1]: *** [cmTC_4210c] Error 1
make[1]: Leaving directory '/home/enio/Desktop/ROSintegrationPlatooning/carving/CISTER_car_simulator/build/CMakeFiles/CMakeTmp'
Makefile:126: recipe for target 'cmTC_4210c/fast' failed
make: *** [cmTC_4210c/fast] Error 2

File /home/enio/Desktop/ROSintegrationPlatooning/carving/CISTER_car_simulator/build/CMakeFiles/CMakeTmp/CheckSymbolExists.c:
/* */
#include <pthread.h>

int main(int argc, char** argv)
{
  (void)argv;
#ifndef pthread_create
  return ((int*)(&pthread_create))[argc];
#else
  (void)argc;
  return 0;
#endif
}

Determining if the function pthread_create exists in the pthreads failed with the following output:
Change Dir: /home/enio/Desktop/ROSintegrationPlatooning/carving/CISTER_car_simulator/build/CMakeFiles/CMakeTmp

Run Build Command:"/usr/bin/make" "cmTC_d32e0/fast"
/usr/bin/make -f CMakeFiles/cmTC_d32e0.dir/build.make CMakeFiles/cmTC_d32e0.dir/build
make[1]: Entering directory '/home/enio/Desktop/ROSintegrationPlatooning/carving/CISTER_car_simulator/build/CMakeFiles/CMakeTmp'
Building C object CMakeFiles/cmTC_d32e0.dir/CheckFunctionExists.c.o
/usr/bin/cc    -DCHECK_FUNCTION_EXISTS=pthread_create   -o CMakeFiles/cmTC_d32e0.dir/CheckFunctionExists.c.o   -c /usr/share/cmake-3.5/Modules/CheckFunctionExists.c
Linking C executable cmTC_d32e0
/usr/bin/cmake -E cmake_link_script CMakeFiles/cmTC_d32e0.dir/link.txt --verbose=1
/usr/bin/cc   -DCHECK_FUNCTION_EXISTS=pthread_create    CMakeFiles/cmTC_d32e0.dir/CheckFunctionExists.c.o  -o cmTC_d32e0 -rdynamic -lpthreads 
/usr/bin/ld: cannot find -lpthreads
collect2: error: ld returned 1 exit status
CMakeFiles/cmTC_d32e0.dir/build.make:97: recipe for target 'cmTC_d32e0' failed
make[1]: *** [cmTC_d32e0] Error 1
make[1]: Leaving directory '/home/enio/Desktop/ROSintegrationPlatooning/carving/CISTER_car_simulator/build/CMakeFiles/CMakeTmp'
Makefile:126: recipe for target 'cmTC_d32e0/fast' failed
make: *** [cmTC_d32e0/fast] Error 2


Determining if the pthread_create exist failed with the following output:
Change Dir: /home/enio/Desktop/ROSintegrationPlatooning/carving/CISTER_car_simulator/build/CMakeFiles/CMakeTmp

Run Build Command:"/usr/bin/make" "cmTC_67b2e/fast"
/usr/bin/make -f CMakeFiles/cmTC_67b2e.dir/build.make CMakeFiles/cmTC_67b2e.dir/build
make[1]: Entering directory '/home/enio/Desktop/ROSintegrationPlatooning/carving/CISTER_car_simulator/build/CMakeFiles/CMakeTmp'
Building C object CMakeFiles/cmTC_67b2e.dir/CheckSymbolExists.c.o
/usr/bin/cc     -o CMakeFiles/cmTC_67b2e.dir/CheckSymbolExists.c.o   -c /home/enio/Desktop/ROSintegrationPlatooning/carving/CISTER_car_simulator/build/CMakeFiles/CMakeTmp/CheckSymbolExists.c
Linking C executable cmTC_67b2e
/usr/bin/cmake -E cmake_link_script CMakeFiles/cmTC_67b2e.dir/link.txt --verbose=1
/usr/bin/cc       CMakeFiles/cmTC_67b2e.dir/CheckSymbolExists.c.o  -o cmTC_67b2e -rdynamic 
CMakeFiles/cmTC_67b2e.dir/CheckSymbolExists.c.o: In function `main':
CheckSymbolExists.c:(.text+0x16): undefined reference to `pthread_create'
collect2: error: ld returned 1 exit status
CMakeFiles/cmTC_67b2e.dir/build.make:97: recipe for target 'cmTC_67b2e' failed
make[1]: *** [cmTC_67b2e] Error 1
make[1]: Leaving directory '/home/enio/Desktop/ROSintegrationPlatooning/carving/CISTER_car_simulator/build/CMakeFiles/CMakeTmp'
Makefile:126: recipe for target 'cmTC_67b2e/fast' failed
make: *** [cmTC_67b2e/fast] Error 2

File /home/enio/Desktop/ROSintegrationPlatooning/carving/CISTER_car_simulator/build/CMakeFiles/CMakeTmp/CheckSymbolExists.c:
/* */
#include <pthread.h>

int main(int argc, char** argv)
{
  (void)argv;
#ifndef pthread_create
  return ((int*)(&pthread_create))[argc];
#else
  (void)argc;
  return 0;
#endif
}

Determining if the function pthread_create exists in the pthreads failed with the following output:
Change Dir: /home/enio/Desktop/ROSintegrationPlatooning/carving/CISTER_car_simulator/build/CMakeFiles/CMakeTmp

Run Build Command:"/usr/bin/make" "cmTC_a3f4a/fast"
/usr/bin/make -f CMakeFiles/cmTC_a3f4a.dir/build.make CMakeFiles/cmTC_a3f4a.dir/build
make[1]: Entering directory '/home/enio/Desktop/ROSintegrationPlatooning/carving/CISTER_car_simulator/build/CMakeFiles/CMakeTmp'
Building C object CMakeFiles/cmTC_a3f4a.dir/CheckFunctionExists.c.o
/usr/bin/cc    -DCHECK_FUNCTION_EXISTS=pthread_create   -o CMakeFiles/cmTC_a3f4a.dir/CheckFunctionExists.c.o   -c /usr/share/cmake-3.5/Modules/CheckFunctionExists.c
Linking C executable cmTC_a3f4a
/usr/bin/cmake -E cmake_link_script CMakeFiles/cmTC_a3f4a.dir/link.txt --verbose=1
/usr/bin/cc   -DCHECK_FUNCTION_EXISTS=pthread_create    CMakeFiles/cmTC_a3f4a.dir/CheckFunctionExists.c.o  -o cmTC_a3f4a -rdynamic -lpthreads 
/usr/bin/ld: cannot find -lpthreads
collect2: error: ld returned 1 exit status
CMakeFiles/cmTC_a3f4a.dir/build.make:97: recipe for target 'cmTC_a3f4a' failed
make[1]: *** [cmTC_a3f4a] Error 1
make[1]: Leaving directory '/home/enio/Desktop/ROSintegrationPlatooning/carving/CISTER_car_simulator/build/CMakeFiles/CMakeTmp'
Makefile:126: recipe for target 'cmTC_a3f4a/fast' failed
make: *** [cmTC_a3f4a/fast] Error 2


Determining if the pthread_create exist failed with the following output:
Change Dir: /home/enio/Desktop/ROSintegrationPlatooning/carving/CISTER_car_simulator/build/CMakeFiles/CMakeTmp

Run Build Command:"/usr/bin/make" "cmTC_5943a/fast"
/usr/bin/make -f CMakeFiles/cmTC_5943a.dir/build.make CMakeFiles/cmTC_5943a.dir/build
make[1]: Entering directory '/home/enio/Desktop/ROSintegrationPlatooning/carving/CISTER_car_simulator/build/CMakeFiles/CMakeTmp'
Building C object CMakeFiles/cmTC_5943a.dir/CheckSymbolExists.c.o
/usr/bin/cc     -o CMakeFiles/cmTC_5943a.dir/CheckSymbolExists.c.o   -c /home/enio/Desktop/ROSintegrationPlatooning/carving/CISTER_car_simulator/build/CMakeFiles/CMakeTmp/CheckSymbolExists.c
Linking C executable cmTC_5943a
/usr/bin/cmake -E cmake_link_script CMakeFiles/cmTC_5943a.dir/link.txt --verbose=1
/usr/bin/cc       CMakeFiles/cmTC_5943a.dir/CheckSymbolExists.c.o  -o cmTC_5943a -rdynamic 
CMakeFiles/cmTC_5943a.dir/CheckSymbolExists.c.o: In function `main':
CheckSymbolExists.c:(.text+0x16): undefined reference to `pthread_create'
collect2: error: ld returned 1 exit status
CMakeFiles/cmTC_5943a.dir/build.make:97: recipe for target 'cmTC_5943a' failed
make[1]: *** [cmTC_5943a] Error 1
make[1]: Leaving directory '/home/enio/Desktop/ROSintegrationPlatooning/carving/CISTER_car_simulator/build/CMakeFiles/CMakeTmp'
Makefile:126: recipe for target 'cmTC_5943a/fast' failed
make: *** [cmTC_5943a/fast] Error 2

File /home/enio/Desktop/ROSintegrationPlatooning/carving/CISTER_car_simulator/build/CMakeFiles/CMakeTmp/CheckSymbolExists.c:
/* */
#include <pthread.h>

int main(int argc, char** argv)
{
  (void)argv;
#ifndef pthread_create
  return ((int*)(&pthread_create))[argc];
#else
  (void)argc;
  return 0;
#endif
}

Determining if the function pthread_create exists in the pthreads failed with the following output:
Change Dir: /home/enio/Desktop/ROSintegrationPlatooning/carving/CISTER_car_simulator/build/CMakeFiles/CMakeTmp

Run Build Command:"/usr/bin/make" "cmTC_1f4f6/fast"
/usr/bin/make -f CMakeFiles/cmTC_1f4f6.dir/build.make CMakeFiles/cmTC_1f4f6.dir/build
make[1]: Entering directory '/home/enio/Desktop/ROSintegrationPlatooning/carving/CISTER_car_simulator/build/CMakeFiles/CMakeTmp'
Building C object CMakeFiles/cmTC_1f4f6.dir/CheckFunctionExists.c.o
/usr/bin/cc    -DCHECK_FUNCTION_EXISTS=pthread_create   -o CMakeFiles/cmTC_1f4f6.dir/CheckFunctionExists.c.o   -c /usr/share/cmake-3.5/Modules/CheckFunctionExists.c
Linking C executable cmTC_1f4f6
/usr/bin/cmake -E cmake_link_script CMakeFiles/cmTC_1f4f6.dir/link.txt --verbose=1
/usr/bin/cc   -DCHECK_FUNCTION_EXISTS=pthread_create    CMakeFiles/cmTC_1f4f6.dir/CheckFunctionExists.c.o  -o cmTC_1f4f6 -rdynamic -lpthreads 
/usr/bin/ld: cannot find -lpthreads
collect2: error: ld returned 1 exit status
CMakeFiles/cmTC_1f4f6.dir/build.make:97: recipe for target 'cmTC_1f4f6' failed
make[1]: *** [cmTC_1f4f6] Error 1
make[1]: Leaving directory '/home/enio/Desktop/ROSintegrationPlatooning/carving/CISTER_car_simulator/build/CMakeFiles/CMakeTmp'
Makefile:126: recipe for target 'cmTC_1f4f6/fast' failed
make: *** [cmTC_1f4f6/fast] Error 2


Determining if the pthread_create exist failed with the following output:
Change Dir: /home/enio/OneDrive/Cister/ROS/Inline/CISTER_car_simulator/build/CMakeFiles/CMakeTmp

Run Build Command:"/usr/bin/make" "cmTC_3275c/fast"
/usr/bin/make -f CMakeFiles/cmTC_3275c.dir/build.make CMakeFiles/cmTC_3275c.dir/build
make[1]: Entering directory '/home/enio/OneDrive/Cister/ROS/Inline/CISTER_car_simulator/build/CMakeFiles/CMakeTmp'
Building C object CMakeFiles/cmTC_3275c.dir/CheckSymbolExists.c.o
/usr/bin/cc    -o CMakeFiles/cmTC_3275c.dir/CheckSymbolExists.c.o   -c /home/enio/OneDrive/Cister/ROS/Inline/CISTER_car_simulator/build/CMakeFiles/CMakeTmp/CheckSymbolExists.c
Linking C executable cmTC_3275c
/usr/bin/cmake -E cmake_link_script CMakeFiles/cmTC_3275c.dir/link.txt --verbose=1
/usr/bin/cc      -rdynamic CMakeFiles/cmTC_3275c.dir/CheckSymbolExists.c.o  -o cmTC_3275c 
CMakeFiles/cmTC_3275c.dir/CheckSymbolExists.c.o: Na função "main":
CheckSymbolExists.c:(.text+0x1b): referência não definida para "pthread_create"
collect2: error: ld returned 1 exit status
CMakeFiles/cmTC_3275c.dir/build.make:97: recipe for target 'cmTC_3275c' failed
make[1]: *** [cmTC_3275c] Error 1
make[1]: Leaving directory '/home/enio/OneDrive/Cister/ROS/Inline/CISTER_car_simulator/build/CMakeFiles/CMakeTmp'
Makefile:126: recipe for target 'cmTC_3275c/fast' failed
make: *** [cmTC_3275c/fast] Error 2

File /home/enio/OneDrive/Cister/ROS/Inline/CISTER_car_simulator/build/CMakeFiles/CMakeTmp/CheckSymbolExists.c:
/* */
#include <pthread.h>

int main(int argc, char** argv)
{
  (void)argv;
#ifndef pthread_create
  return ((int*)(&pthread_create))[argc];
#else
  (void)argc;
  return 0;
#endif
}

Determining if the function pthread_create exists in the pthreads failed with the following output:
Change Dir: /home/enio/OneDrive/Cister/ROS/Inline/CISTER_car_simulator/build/CMakeFiles/CMakeTmp

Run Build Command:"/usr/bin/make" "cmTC_4ec72/fast"
/usr/bin/make -f CMakeFiles/cmTC_4ec72.dir/build.make CMakeFiles/cmTC_4ec72.dir/build
make[1]: Entering directory '/home/enio/OneDrive/Cister/ROS/Inline/CISTER_car_simulator/build/CMakeFiles/CMakeTmp'
Building C object CMakeFiles/cmTC_4ec72.dir/CheckFunctionExists.c.o
/usr/bin/cc   -DCHECK_FUNCTION_EXISTS=pthread_create   -o CMakeFiles/cmTC_4ec72.dir/CheckFunctionExists.c.o   -c /usr/share/cmake-3.10/Modules/CheckFunctionExists.c
Linking C executable cmTC_4ec72
/usr/bin/cmake -E cmake_link_script CMakeFiles/cmTC_4ec72.dir/link.txt --verbose=1
/usr/bin/cc  -DCHECK_FUNCTION_EXISTS=pthread_create    -rdynamic CMakeFiles/cmTC_4ec72.dir/CheckFunctionExists.c.o  -o cmTC_4ec72 -lpthreads 
/usr/bin/ld: não foi possível localizar -lpthreads
collect2: error: ld returned 1 exit status
CMakeFiles/cmTC_4ec72.dir/build.make:97: recipe for target 'cmTC_4ec72' failed
make[1]: *** [cmTC_4ec72] Error 1
make[1]: Leaving directory '/home/enio/OneDrive/Cister/ROS/Inline/CISTER_car_simulator/build/CMakeFiles/CMakeTmp'
Makefile:126: recipe for target 'cmTC_4ec72/fast' failed
make: *** [cmTC_4ec72/fast] Error 2


Determining if the pthread_create exist failed with the following output:
Change Dir: /home/enio/OneDrive/Cister/ROS/Inline/CISTER_car_simulator/build/CMakeFiles/CMakeTmp

Run Build Command:"/usr/bin/make" "cmTC_08e1a/fast"
/usr/bin/make -f CMakeFiles/cmTC_08e1a.dir/build.make CMakeFiles/cmTC_08e1a.dir/build
make[1]: Entering directory '/home/enio/OneDrive/Cister/ROS/Inline/CISTER_car_simulator/build/CMakeFiles/CMakeTmp'
Building C object CMakeFiles/cmTC_08e1a.dir/CheckSymbolExists.c.o
/usr/bin/cc    -o CMakeFiles/cmTC_08e1a.dir/CheckSymbolExists.c.o   -c /home/enio/OneDrive/Cister/ROS/Inline/CISTER_car_simulator/build/CMakeFiles/CMakeTmp/CheckSymbolExists.c
Linking C executable cmTC_08e1a
/usr/bin/cmake -E cmake_link_script CMakeFiles/cmTC_08e1a.dir/link.txt --verbose=1
/usr/bin/cc      -rdynamic CMakeFiles/cmTC_08e1a.dir/CheckSymbolExists.c.o  -o cmTC_08e1a 
CMakeFiles/cmTC_08e1a.dir/CheckSymbolExists.c.o: Na função "main":
CheckSymbolExists.c:(.text+0x1b): referência não definida para "pthread_create"
collect2: error: ld returned 1 exit status
CMakeFiles/cmTC_08e1a.dir/build.make:97: recipe for target 'cmTC_08e1a' failed
make[1]: *** [cmTC_08e1a] Error 1
make[1]: Leaving directory '/home/enio/OneDrive/Cister/ROS/Inline/CISTER_car_simulator/build/CMakeFiles/CMakeTmp'
Makefile:126: recipe for target 'cmTC_08e1a/fast' failed
make: *** [cmTC_08e1a/fast] Error 2

File /home/enio/OneDrive/Cister/ROS/Inline/CISTER_car_simulator/build/CMakeFiles/CMakeTmp/CheckSymbolExists.c:
/* */
#include <pthread.h>

int main(int argc, char** argv)
{
  (void)argv;
#ifndef pthread_create
  return ((int*)(&pthread_create))[argc];
#else
  (void)argc;
  return 0;
#endif
}

Determining if the function pthread_create exists in the pthreads failed with the following output:
Change Dir: /home/enio/OneDrive/Cister/ROS/Inline/CISTER_car_simulator/build/CMakeFiles/CMakeTmp

Run Build Command:"/usr/bin/make" "cmTC_ebe47/fast"
/usr/bin/make -f CMakeFiles/cmTC_ebe47.dir/build.make CMakeFiles/cmTC_ebe47.dir/build
make[1]: Entering directory '/home/enio/OneDrive/Cister/ROS/Inline/CISTER_car_simulator/build/CMakeFiles/CMakeTmp'
Building C object CMakeFiles/cmTC_ebe47.dir/CheckFunctionExists.c.o
/usr/bin/cc   -DCHECK_FUNCTION_EXISTS=pthread_create   -o CMakeFiles/cmTC_ebe47.dir/CheckFunctionExists.c.o   -c /usr/share/cmake-3.10/Modules/CheckFunctionExists.c
Linking C executable cmTC_ebe47
/usr/bin/cmake -E cmake_link_script CMakeFiles/cmTC_ebe47.dir/link.txt --verbose=1
/usr/bin/cc  -DCHECK_FUNCTION_EXISTS=pthread_create    -rdynamic CMakeFiles/cmTC_ebe47.dir/CheckFunctionExists.c.o  -o cmTC_ebe47 -lpthreads 
/usr/bin/ld: não foi possível localizar -lpthreads
collect2: error: ld returned 1 exit status
CMakeFiles/cmTC_ebe47.dir/build.make:97: recipe for target 'cmTC_ebe47' failed
make[1]: *** [cmTC_ebe47] Error 1
make[1]: Leaving directory '/home/enio/OneDrive/Cister/ROS/Inline/CISTER_car_simulator/build/CMakeFiles/CMakeTmp'
Makefile:126: recipe for target 'cmTC_ebe47/fast' failed
make: *** [cmTC_ebe47/fast] Error 2


